<?xml version="1.0" encoding="UTF-8"?>
<!-- Generated by org.testng.reporters.JUnitXMLReporter -->
<testsuite ignored="0" hostname="DESKTOP-SPPOVFG" failures="0" tests="7" name="Default test" time="20.184" errors="0" timestamp="2022-03-23T09:05:48 IST">
  <testcase classname="testleafmain.basictc" name="browserinstall" time="12.457"/>
  <testcase classname="testleafmain.basictc" name="hyberlink" time="1.467"/>
  <testcase classname="testleafmain.basictc" name="image" time="1.902"/>
  <testcase classname="testleafmain.basictc" name="dropdown" time="1.482"/>
  <testcase classname="testleafmain.basictc" name="radiobutton" time="0.995"/>
  <testcase classname="testleafmain.basictc" name="checkbox" time="1.032"/>
  <testcase classname="testleafmain.basictc" name="table" time="0.676"/>
</testsuite> <!-- Default test -->
