<?xml version="1.0" encoding="UTF-8"?>
<testng-results ignored="0" total="7" passed="7" failed="0" skipped="0">
  <reporter-output>
  </reporter-output>
  <suite started-at="2022-03-23T09:05:28 IST" name="Default suite" finished-at="2022-03-23T09:05:48 IST" duration-ms="20184">
    <groups>
    </groups>
    <test started-at="2022-03-23T09:05:28 IST" name="Default test" finished-at="2022-03-23T09:05:48 IST" duration-ms="20184">
      <class name="testleafmain.basictc">
        <test-method signature="browserinstall()[pri:0, instance:testleafmain.basictc@3d1848cc]" started-at="2022-03-23T09:05:28 IST" name="browserinstall" finished-at="2022-03-23T09:05:40 IST" duration-ms="12457" status="PASS">
          <reporter-output>
          </reporter-output>
        </test-method> <!-- browserinstall -->
        <test-method signature="hyberlink()[pri:0, instance:testleafmain.basictc@3d1848cc]" started-at="2022-03-23T09:05:40 IST" name="hyberlink" finished-at="2022-03-23T09:05:42 IST" duration-ms="1467" status="PASS">
          <reporter-output>
          </reporter-output>
        </test-method> <!-- hyberlink -->
        <test-method signature="image()[pri:0, instance:testleafmain.basictc@3d1848cc]" started-at="2022-03-23T09:05:42 IST" name="image" finished-at="2022-03-23T09:05:44 IST" duration-ms="1902" status="PASS">
          <reporter-output>
          </reporter-output>
        </test-method> <!-- image -->
        <test-method signature="dropdown()[pri:4, instance:testleafmain.basictc@3d1848cc]" started-at="2022-03-23T09:05:44 IST" name="dropdown" finished-at="2022-03-23T09:05:45 IST" duration-ms="1482" status="PASS">
          <reporter-output>
          </reporter-output>
        </test-method> <!-- dropdown -->
        <test-method signature="radiobutton()[pri:5, instance:testleafmain.basictc@3d1848cc]" started-at="2022-03-23T09:05:45 IST" name="radiobutton" finished-at="2022-03-23T09:05:46 IST" duration-ms="995" status="PASS">
          <reporter-output>
          </reporter-output>
        </test-method> <!-- radiobutton -->
        <test-method signature="checkbox()[pri:6, instance:testleafmain.basictc@3d1848cc]" started-at="2022-03-23T09:05:46 IST" name="checkbox" finished-at="2022-03-23T09:05:47 IST" duration-ms="1032" status="PASS">
          <reporter-output>
          </reporter-output>
        </test-method> <!-- checkbox -->
        <test-method signature="table()[pri:7, instance:testleafmain.basictc@3d1848cc]" started-at="2022-03-23T09:05:47 IST" name="table" finished-at="2022-03-23T09:05:48 IST" duration-ms="676" status="PASS">
          <reporter-output>
          </reporter-output>
        </test-method> <!-- table -->
      </class> <!-- testleafmain.basictc -->
    </test> <!-- Default test -->
  </suite> <!-- Default suite -->
</testng-results>
