<?xml version="1.0" encoding="UTF-8"?>
<!-- Generated by org.testng.reporters.JUnitXMLReporter -->
<testsuite ignored="0" hostname="DESKTOP-SPPOVFG" failures="0" tests="3" name="Default test" time="34.863" errors="0" timestamp="2022-03-02T10:13:08 IST">
  <testcase classname="testleafmain.basictc" name="browserinstall" time="27.495"/>
  <testcase classname="testleafmain.basictc" name="hyberlink" time="4.189"/>
  <testcase classname="testleafmain.basictc" name="image" time="3.015"/>
</testsuite> <!-- Default test -->
