<?xml version="1.0" encoding="UTF-8"?>
<!-- Generated by org.testng.reporters.JUnitXMLReporter -->
<testsuite ignored="0" hostname="netxd-Latitude-3410" failures="0" tests="6" name="Default test" time="6.411" errors="0" timestamp="2022-03-03T20:43:11 IST">
  <testcase classname="testleafmain.basictc" name="browserinstall" time="3.842"/>
  <testcase classname="testleafmain.basictc" name="hyberlink" time="0.548"/>
  <testcase classname="testleafmain.basictc" name="image" time="0.97"/>
  <testcase classname="testleafmain.basictc" name="dropdown" time="0.571"/>
  <testcase classname="testleafmain.basictc" name="radiobutton" time="0.303"/>
  <testcase classname="testleafmain.basictc" name="checkbox" time="0.134"/>
</testsuite> <!-- Default test -->
