<?xml version="1.0" encoding="UTF-8"?>
<testng-results ignored="0" total="7" passed="6" failed="1" skipped="0">
  <reporter-output>
  </reporter-output>
  <suite started-at="2022-03-08T08:28:05 IST" name="Default suite" finished-at="2022-03-08T08:28:49 IST" duration-ms="44209">
    <groups>
    </groups>
    <test started-at="2022-03-08T08:28:05 IST" name="Default test" finished-at="2022-03-08T08:28:49 IST" duration-ms="44209">
      <class name="testleafmain.basictc">
        <test-method signature="browserinstall()[pri:0, instance:testleafmain.basictc@4cc451f2]" started-at="2022-03-08T08:28:05 IST" name="browserinstall" finished-at="2022-03-08T08:28:40 IST" duration-ms="34923" status="PASS">
          <reporter-output>
          </reporter-output>
        </test-method> <!-- browserinstall -->
        <test-method signature="hyberlink()[pri:0, instance:testleafmain.basictc@4cc451f2]" started-at="2022-03-08T08:28:40 IST" name="hyberlink" finished-at="2022-03-08T08:28:42 IST" duration-ms="2087" status="PASS">
          <reporter-output>
          </reporter-output>
        </test-method> <!-- hyberlink -->
        <test-method signature="image()[pri:0, instance:testleafmain.basictc@4cc451f2]" started-at="2022-03-08T08:28:42 IST" name="image" finished-at="2022-03-08T08:28:44 IST" duration-ms="2022" status="PASS">
          <reporter-output>
          </reporter-output>
        </test-method> <!-- image -->
        <test-method signature="dropdown()[pri:4, instance:testleafmain.basictc@4cc451f2]" started-at="2022-03-08T08:28:44 IST" name="dropdown" finished-at="2022-03-08T08:28:46 IST" duration-ms="2365" status="PASS">
          <reporter-output>
          </reporter-output>
        </test-method> <!-- dropdown -->
        <test-method signature="radiobutton()[pri:5, instance:testleafmain.basictc@4cc451f2]" started-at="2022-03-08T08:28:46 IST" name="radiobutton" finished-at="2022-03-08T08:28:47 IST" duration-ms="928" status="PASS">
          <reporter-output>
          </reporter-output>
        </test-method> <!-- radiobutton -->
        <test-method signature="checkbox()[pri:6, instance:testleafmain.basictc@4cc451f2]" started-at="2022-03-08T08:28:47 IST" name="checkbox" finished-at="2022-03-08T08:28:48 IST" duration-ms="1012" status="PASS">
          <reporter-output>
          </reporter-output>
        </test-method> <!-- checkbox -->
        <test-method signature="table()[pri:7, instance:testleafmain.basictc@4cc451f2]" started-at="2022-03-08T08:28:48 IST" name="table" finished-at="2022-03-08T08:28:49 IST" duration-ms="695" status="FAIL">
          <exception class="java.lang.IndexOutOfBoundsException">
            <message>
              <![CDATA[Index 5 out of bounds for length 5]]>
            </message>
            <full-stacktrace>
              <![CDATA[java.lang.IndexOutOfBoundsException: Index 5 out of bounds for length 5
at java.base/jdk.internal.util.Preconditions.outOfBounds(Preconditions.java:64)
at java.base/jdk.internal.util.Preconditions.outOfBoundsCheckIndex(Preconditions.java:70)
at java.base/jdk.internal.util.Preconditions.checkIndex(Preconditions.java:266)
at java.base/java.util.Objects.checkIndex(Objects.java:359)
at java.base/java.util.ArrayList.get(ArrayList.java:427)
at java.base/jdk.internal.reflect.NativeMethodAccessorImpl.invoke0(Native Method)
at java.base/jdk.internal.reflect.NativeMethodAccessorImpl.invoke(NativeMethodAccessorImpl.java:77)
at java.base/jdk.internal.reflect.DelegatingMethodAccessorImpl.invoke(DelegatingMethodAccessorImpl.java:43)
at java.base/java.lang.reflect.Method.invoke(Method.java:568)
at org.openqa.selenium.support.pagefactory.internal.LocatingElementListHandler.invoke(LocatingElementListHandler.java:40)
at jdk.proxy2/jdk.proxy2.$Proxy15.get(Unknown Source)
at testleafmain.basictc.table(basictc.java:123)
at java.base/jdk.internal.reflect.NativeMethodAccessorImpl.invoke0(Native Method)
at java.base/jdk.internal.reflect.NativeMethodAccessorImpl.invoke(NativeMethodAccessorImpl.java:77)
at java.base/jdk.internal.reflect.DelegatingMethodAccessorImpl.invoke(DelegatingMethodAccessorImpl.java:43)
at java.base/java.lang.reflect.Method.invoke(Method.java:568)
at org.testng.internal.invokers.MethodInvocationHelper.invokeMethod(MethodInvocationHelper.java:135)
at org.testng.internal.invokers.TestInvoker.invokeMethod(TestInvoker.java:673)
at org.testng.internal.invokers.TestInvoker.invokeTestMethod(TestInvoker.java:220)
at org.testng.internal.invokers.MethodRunner.runInSequence(MethodRunner.java:50)
at org.testng.internal.invokers.TestInvoker$MethodInvocationAgent.invoke(TestInvoker.java:945)
at org.testng.internal.invokers.TestInvoker.invokeTestMethods(TestInvoker.java:193)
at org.testng.internal.invokers.TestMethodWorker.invokeTestMethods(TestMethodWorker.java:146)
at org.testng.internal.invokers.TestMethodWorker.run(TestMethodWorker.java:128)
at java.base/java.util.ArrayList.forEach(ArrayList.java:1511)
at org.testng.TestRunner.privateRun(TestRunner.java:808)
at org.testng.TestRunner.run(TestRunner.java:603)
at org.testng.SuiteRunner.runTest(SuiteRunner.java:429)
at org.testng.SuiteRunner.runSequentially(SuiteRunner.java:423)
at org.testng.SuiteRunner.privateRun(SuiteRunner.java:383)
at org.testng.SuiteRunner.run(SuiteRunner.java:326)
at org.testng.SuiteRunnerWorker.runSuite(SuiteRunnerWorker.java:52)
at org.testng.SuiteRunnerWorker.run(SuiteRunnerWorker.java:95)
at org.testng.TestNG.runSuitesSequentially(TestNG.java:1249)
at org.testng.TestNG.runSuitesLocally(TestNG.java:1169)
at org.testng.TestNG.runSuites(TestNG.java:1092)
at org.testng.TestNG.run(TestNG.java:1060)
at org.testng.remote.AbstractRemoteTestNG.run(AbstractRemoteTestNG.java:115)
at org.testng.remote.RemoteTestNG.initAndRun(RemoteTestNG.java:251)
at org.testng.remote.RemoteTestNG.main(RemoteTestNG.java:77)
]]>
            </full-stacktrace>
          </exception> <!-- java.lang.IndexOutOfBoundsException -->
          <reporter-output>
          </reporter-output>
        </test-method> <!-- table -->
      </class> <!-- testleafmain.basictc -->
    </test> <!-- Default test -->
  </suite> <!-- Default suite -->
</testng-results>
