<?xml version="1.0" encoding="UTF-8"?>
<testng-results ignored="0" total="2" passed="2" failed="0" skipped="0">
  <reporter-output>
  </reporter-output>
  <suite started-at="2022-03-01T09:50:17 IST" name="Default suite" finished-at="2022-03-01T09:51:36 IST" duration-ms="78573">
    <groups>
    </groups>
    <test started-at="2022-03-01T09:50:17 IST" name="Default test" finished-at="2022-03-01T09:51:36 IST" duration-ms="78573">
      <class name="testleafmain.basictc">
        <test-method signature="browserinstall()[pri:0, instance:testleafmain.basictc@4fb61f4a]" started-at="2022-03-01T09:50:17 IST" name="browserinstall" finished-at="2022-03-01T09:51:32 IST" duration-ms="74607" status="PASS">
          <reporter-output>
          </reporter-output>
        </test-method> <!-- browserinstall -->
        <test-method signature="hyberlink()[pri:0, instance:testleafmain.basictc@4fb61f4a]" started-at="2022-03-01T09:51:32 IST" name="hyberlink" finished-at="2022-03-01T09:51:36 IST" duration-ms="3676" status="PASS">
          <reporter-output>
          </reporter-output>
        </test-method> <!-- hyberlink -->
      </class> <!-- testleafmain.basictc -->
    </test> <!-- Default test -->
  </suite> <!-- Default suite -->
</testng-results>
